<?xml version="1.0" encoding="UTF-8"?>
<!-- Generated by org.testng.reporters.JUnitReportReporter -->
<testsuite hostname="Micky" failures="0" tests="1" name="Scripts.AuthTesting" time="1.572" errors="0" timestamp="2025-08-24T20:20:26 IST" skipped="0">
  <testcase classname="Scripts.AuthTesting" name="getUsers_headerAndBodyChecks" time="1.572"/>
</testsuite> <!-- Scripts.AuthTesting -->
