<?xml version="1.0" encoding="UTF-8"?>
<!-- Generated by org.testng.reporters.JUnitReportReporter -->
<testsuite hostname="Micky" failures="0" tests="3" name="Scripts.EndToEndTesting" time="3.596" errors="0" timestamp="2025-08-25T12:40:36 IST" skipped="0">
  <testcase classname="Scripts.EndToEndTesting" name="createUser_extractId" time="1.977"/>
  <testcase classname="Scripts.EndToEndTesting" name="updateUser_put" time="0.990"/>
  <testcase classname="Scripts.EndToEndTesting" name="deleteUser" time="0.629"/>
</testsuite> <!-- Scripts.EndToEndTesting -->
