<?xml version="1.0" encoding="UTF-8"?>
<!-- Generated by org.testng.reporters.JUnitReportReporter -->
<testsuite hostname="Micky" failures="0" tests="3" name="Scripts.EndToEndTesting" time="3.166" errors="0" timestamp="2025-08-24T23:37:38 IST" skipped="0">
  <testcase classname="Scripts.EndToEndTesting" name="createUser_extractId" time="1.861"/>
  <testcase classname="Scripts.EndToEndTesting" name="updateUser_put" time="0.758"/>
  <testcase classname="Scripts.EndToEndTesting" name="deleteUser" time="0.547"/>
</testsuite> <!-- Scripts.EndToEndTesting -->
