<?xml version="1.0" encoding="UTF-8"?>
<!-- Generated by org.testng.reporters.JUnitReportReporter -->
<testsuite hostname="Micky" failures="0" tests="3" name="Scripts.EndToEndTesting" time="2.350" errors="0" timestamp="2025-08-25T13:00:47 IST" skipped="0">
  <testcase classname="Scripts.EndToEndTesting" name="createUser_extractId" time="0.928"/>
  <testcase classname="Scripts.EndToEndTesting" name="updateUser_put" time="0.913"/>
  <testcase classname="Scripts.EndToEndTesting" name="deleteUser" time="0.509"/>
</testsuite> <!-- Scripts.EndToEndTesting -->
