<?xml version="1.0" encoding="UTF-8"?>
<!-- Generated by org.testng.reporters.JUnitReportReporter -->
<testsuite hostname="Micky" failures="0" tests="3" name="Scripts.EndToEndTesting" time="3.515" errors="0" timestamp="2025-08-25T12:45:21 IST" skipped="0">
  <testcase classname="Scripts.EndToEndTesting" name="createUser_extractId" time="1.096"/>
  <testcase classname="Scripts.EndToEndTesting" name="updateUser_put" time="1.016"/>
  <testcase classname="Scripts.EndToEndTesting" name="deleteUser" time="1.403"/>
</testsuite> <!-- Scripts.EndToEndTesting -->
